<?xml version="1.0" encoding="UTF-8"?>
<coverage generated="1536997844016" clover="3.2.0">
  <project timestamp="1536997844016" name="All files">
    <metrics statements="14" coveredstatements="11" conditionals="0" coveredconditionals="0" methods="5" coveredmethods="2" elements="19" coveredelements="13" complexity="0" loc="14" ncloc="14" packages="3" files="5" classes="5">
      <package name="src.components.Footer">
        <metrics statements="3" coveredstatements="3" conditionals="0" coveredconditionals="0" methods="1" coveredmethods="1"/>
        <file name="index.js" path="/Users/harpreet.singh/Desktop/Harpreet/projects/react-js/agrostar-assignment/src/components/Footer/index.js">
          <metrics statements="2" coveredstatements="2" conditionals="0" coveredconditionals="0" methods="1" coveredmethods="1"/>
          <line num="5" count="1" type="stmt"/>
          <line num="6" count="1" type="stmt"/>
        </file>
        <file name="styles.js" path="/Users/harpreet.singh/Desktop/Harpreet/projects/react-js/agrostar-assignment/src/components/Footer/styles.js">
          <metrics statements="1" coveredstatements="1" conditionals="0" coveredconditionals="0" methods="0" coveredmethods="0"/>
          <line num="3" count="1" type="stmt"/>
        </file>
      </package>
      <package name="src.state.products">
        <metrics statements="10" coveredstatements="7" conditionals="0" coveredconditionals="0" methods="4" coveredmethods="1"/>
        <file name="actions.js" path="/Users/harpreet.singh/Desktop/Harpreet/projects/react-js/agrostar-assignment/src/state/products/actions.js">
          <metrics statements="4" coveredstatements="1" conditionals="0" coveredconditionals="0" methods="4" coveredmethods="1"/>
          <line num="4" count="0" type="stmt"/>
          <line num="10" count="0" type="stmt"/>
          <line num="17" count="0" type="stmt"/>
          <line num="24" count="1" type="stmt"/>
        </file>
        <file name="types.js" path="/Users/harpreet.singh/Desktop/Harpreet/projects/react-js/agrostar-assignment/src/state/products/types.js">
          <metrics statements="6" coveredstatements="6" conditionals="0" coveredconditionals="0" methods="0" coveredmethods="0"/>
          <line num="1" count="1" type="stmt"/>
          <line num="2" count="1" type="stmt"/>
          <line num="3" count="1" type="stmt"/>
          <line num="4" count="1" type="stmt"/>
          <line num="5" count="1" type="stmt"/>
          <line num="6" count="1" type="stmt"/>
        </file>
      </package>
      <package name="test">
        <metrics statements="1" coveredstatements="1" conditionals="0" coveredconditionals="0" methods="0" coveredmethods="0"/>
        <file name="helpers.js" path="/Users/harpreet.singh/Desktop/Harpreet/projects/react-js/agrostar-assignment/test/helpers.js">
          <metrics statements="1" coveredstatements="1" conditionals="0" coveredconditionals="0" methods="0" coveredmethods="0"/>
          <line num="4" count="2" type="stmt"/>
        </file>
      </package>
    </metrics>
  </project>
</coverage>
