{"/Users/harpreet.singh/Desktop/Harpreet/projects/react-js/agrostar-assignment/src/components/Footer/index.js": {"path":"/Users/harpreet.singh/Desktop/Harpreet/projects/react-js/agrostar-assignment/src/components/Footer/index.js","statementMap":{"0":{"start":{"line":5,"column":15},"end":{"line":18,"column":1}},"1":{"start":{"line":6,"column":4},"end":{"line":17,"column":20}}},"fnMap":{"0":{"name":"(anonymous_0)","decl":{"start":{"line":5,"column":15},"end":{"line":5,"column":16}},"loc":{"start":{"line":6,"column":4},"end":{"line":17,"column":20}},"line":6}},"branchMap":{},"s":{"0":1,"1":1},"f":{"0":1},"b":{},"_coverageSchema":"332fd63041d2c1bcb487cc26dd0d5f7d97098a6c","hash":"c78f052f8ba38238b3f4a048a5ceb45fe5df3518"}
,"/Users/harpreet.singh/Desktop/Harpreet/projects/react-js/agrostar-assignment/src/components/Footer/styles.js": {"path":"/Users/harpreet.singh/Desktop/Harpreet/projects/react-js/agrostar-assignment/src/components/Footer/styles.js","statementMap":{"0":{"start":{"line":3,"column":29},"end":{"line":37,"column":1}}},"fnMap":{},"branchMap":{},"s":{"0":1},"f":{},"b":{},"_coverageSchema":"332fd63041d2c1bcb487cc26dd0d5f7d97098a6c","hash":"43ff5a4b4b58040b3bdcedbc2638458226ed1d01"}
,"/Users/harpreet.singh/Desktop/Harpreet/projects/react-js/agrostar-assignment/src/state/products/actions.js": {"path":"/Users/harpreet.singh/Desktop/Harpreet/projects/react-js/agrostar-assignment/src/state/products/actions.js","statementMap":{"0":{"start":{"line":4,"column":4},"end":{"line":6,"column":6}},"1":{"start":{"line":10,"column":4},"end":{"line":13,"column":6}},"2":{"start":{"line":17,"column":4},"end":{"line":20,"column":6}},"3":{"start":{"line":24,"column":4},"end":{"line":27,"column":6}}},"fnMap":{"0":{"name":"fetchProducts","decl":{"start":{"line":3,"column":16},"end":{"line":3,"column":29}},"loc":{"start":{"line":3,"column":32},"end":{"line":7,"column":1}},"line":3},"1":{"name":"addProduct","decl":{"start":{"line":9,"column":16},"end":{"line":9,"column":26}},"loc":{"start":{"line":9,"column":33},"end":{"line":14,"column":1}},"line":9},"2":{"name":"removeProduct","decl":{"start":{"line":16,"column":16},"end":{"line":16,"column":29}},"loc":{"start":{"line":16,"column":36},"end":{"line":21,"column":1}},"line":16},"3":{"name":"setProductSearchText","decl":{"start":{"line":23,"column":16},"end":{"line":23,"column":36}},"loc":{"start":{"line":23,"column":43},"end":{"line":28,"column":1}},"line":23}},"branchMap":{},"s":{"0":0,"1":0,"2":0,"3":1},"f":{"0":0,"1":0,"2":0,"3":1},"b":{},"_coverageSchema":"332fd63041d2c1bcb487cc26dd0d5f7d97098a6c","hash":"3049cf024816dd909fb7ec55c6c92ebd3edf6c7f"}
,"/Users/harpreet.singh/Desktop/Harpreet/projects/react-js/agrostar-assignment/src/state/products/types.js": {"path":"/Users/harpreet.singh/Desktop/Harpreet/projects/react-js/agrostar-assignment/src/state/products/types.js","statementMap":{"0":{"start":{"line":1,"column":30},"end":{"line":1,"column":46}},"1":{"start":{"line":2,"column":32},"end":{"line":2,"column":50}},"2":{"start":{"line":3,"column":32},"end":{"line":3,"column":50}},"3":{"start":{"line":4,"column":28},"end":{"line":4,"column":42}},"4":{"start":{"line":5,"column":31},"end":{"line":5,"column":48}},"5":{"start":{"line":6,"column":36},"end":{"line":6,"column":57}}},"fnMap":{},"branchMap":{},"s":{"0":1,"1":1,"2":1,"3":1,"4":1,"5":1},"f":{},"b":{},"_coverageSchema":"332fd63041d2c1bcb487cc26dd0d5f7d97098a6c","hash":"b8d20195ebfa11afdda9d77e24f8df4fbb96a254"}
,"/Users/harpreet.singh/Desktop/Harpreet/projects/react-js/agrostar-assignment/test/helpers.js": {"path":"/Users/harpreet.singh/Desktop/Harpreet/projects/react-js/agrostar-assignment/test/helpers.js","statementMap":{"0":{"start":{"line":4,"column":0},"end":{"line":4,"column":38}}},"fnMap":{},"branchMap":{},"s":{"0":2},"f":{},"b":{},"_coverageSchema":"332fd63041d2c1bcb487cc26dd0d5f7d97098a6c","hash":"5b7042b8fb533cd871ecd1e83144f2edfb9b8aac"}
}
