TN:
SF:/Users/harpreet.singh/Desktop/Harpreet/projects/react-js/agrostar-assignment/src/components/Footer/index.js
FN:5,(anonymous_0)
FNF:1
FNH:1
FNDA:1,(anonymous_0)
DA:5,1
DA:6,1
LF:2
LH:2
BRF:0
BRH:0
end_of_record
TN:
SF:/Users/harpreet.singh/Desktop/Harpreet/projects/react-js/agrostar-assignment/src/components/Footer/styles.js
FNF:0
FNH:0
DA:3,1
LF:1
LH:1
BRF:0
BRH:0
end_of_record
TN:
SF:/Users/harpreet.singh/Desktop/Harpreet/projects/react-js/agrostar-assignment/src/state/products/actions.js
FN:3,fetchProducts
FN:9,addProduct
FN:16,removeProduct
FN:23,setProductSearchText
FNF:4
FNH:1
FNDA:0,fetchProducts
FNDA:0,addProduct
FNDA:0,removeProduct
FNDA:1,setProductSearchText
DA:4,0
DA:10,0
DA:17,0
DA:24,1
LF:4
LH:1
BRF:0
BRH:0
end_of_record
TN:
SF:/Users/harpreet.singh/Desktop/Harpreet/projects/react-js/agrostar-assignment/src/state/products/types.js
FNF:0
FNH:0
DA:1,1
DA:2,1
DA:3,1
DA:4,1
DA:5,1
DA:6,1
LF:6
LH:6
BRF:0
BRH:0
end_of_record
TN:
SF:/Users/harpreet.singh/Desktop/Harpreet/projects/react-js/agrostar-assignment/test/helpers.js
FNF:0
FNH:0
DA:4,2
LF:1
LH:1
BRF:0
BRH:0
end_of_record
